0 verbose cli /usr/bin/node /usr/bin/npm
1 info using npm@9.6.6
2 info using node@v20.8.1
3 timing npm:load:whichnode Completed in 2ms
4 timing config:load:defaults Completed in 2ms
5 timing config:load:file:/usr/lib/node_modules/npm/npmrc Completed in 2ms
6 timing config:load:builtin Completed in 3ms
7 timing config:load:cli Completed in 2ms
8 timing config:load:env Completed in 1ms
9 timing config:load:project Completed in 2ms
10 timing config:load:file:/root/.npmrc Completed in 1ms
11 timing config:load:user Completed in 1ms
12 timing config:load:file:/etc/npmrc Completed in 1ms
13 timing config:load:global Completed in 1ms
14 timing config:load:setEnvs Completed in 1ms
15 timing config:load Completed in 13ms
16 timing npm:load:configload Completed in 13ms
17 timing npm:load:mkdirpcache Completed in 3ms
18 timing npm:load:mkdirplogs Completed in 4ms
19 verbose title npm install
20 verbose argv "install"
21 timing npm:load:setTitle Completed in 1ms
22 timing config:load:flatten Completed in 3ms
23 timing npm:load:display Completed in 5ms
24 verbose logfile logs-max:10 dir:/root/.npm/_logs/2024-05-01T10_06_12_370Z-
25 verbose logfile /root/.npm/_logs/2024-05-01T10_06_12_370Z-debug-0.log
26 timing npm:load:logFile Completed in 21ms
27 timing npm:load:timers Completed in 0ms
28 timing npm:load:configScope Completed in 0ms
29 timing npm:load Completed in 50ms
30 timing arborist:ctor Completed in 1ms
31 silly logfile done cleaning log files
32 timing idealTree:init Completed in 199ms
33 timing idealTree:userRequests Completed in 0ms
34 silly idealTree buildDeps
35 timing idealTree:#root Completed in 0ms
36 timing idealTree:buildDeps Completed in 4ms
37 timing idealTree:fixDepFlags Completed in 1ms
38 timing idealTree Completed in 211ms
39 timing reify:loadTrees Completed in 213ms
40 timing reify:diffTrees Completed in 4ms
41 silly reify moves {}
42 timing reify:retireShallow Completed in 3ms
43 timing reify:createSparse Completed in 287ms
44 timing reify:loadBundles Completed in 0ms
45 silly audit bulk request {
45 silly audit   '@alloc/quick-lru': [ '5.2.0' ],
45 silly audit   '@esbuild/aix-ppc64': [ '0.20.2' ],
45 silly audit   '@esbuild/android-arm': [ '0.20.2' ],
45 silly audit   '@esbuild/android-arm64': [ '0.20.2' ],
45 silly audit   '@esbuild/android-x64': [ '0.20.2' ],
45 silly audit   '@esbuild/darwin-arm64': [ '0.20.2' ],
45 silly audit   '@esbuild/darwin-x64': [ '0.20.2' ],
45 silly audit   '@esbuild/freebsd-arm64': [ '0.20.2' ],
45 silly audit   '@esbuild/freebsd-x64': [ '0.20.2' ],
45 silly audit   '@esbuild/linux-arm': [ '0.20.2' ],
45 silly audit   '@esbuild/linux-arm64': [ '0.20.2' ],
45 silly audit   '@esbuild/linux-ia32': [ '0.20.2' ],
45 silly audit   '@esbuild/linux-loong64': [ '0.20.2' ],
45 silly audit   '@esbuild/linux-mips64el': [ '0.20.2' ],
45 silly audit   '@esbuild/linux-ppc64': [ '0.20.2' ],
45 silly audit   '@esbuild/linux-riscv64': [ '0.20.2' ],
45 silly audit   '@esbuild/linux-s390x': [ '0.20.2' ],
45 silly audit   '@esbuild/linux-x64': [ '0.20.2' ],
45 silly audit   '@esbuild/netbsd-x64': [ '0.20.2' ],
45 silly audit   '@esbuild/openbsd-x64': [ '0.20.2' ],
45 silly audit   '@esbuild/sunos-x64': [ '0.20.2' ],
45 silly audit   '@esbuild/win32-arm64': [ '0.20.2' ],
45 silly audit   '@esbuild/win32-ia32': [ '0.20.2' ],
45 silly audit   '@esbuild/win32-x64': [ '0.20.2' ],
45 silly audit   '@isaacs/cliui': [ '8.0.2' ],
45 silly audit   '@jridgewell/gen-mapping': [ '0.3.5' ],
45 silly audit   '@jridgewell/resolve-uri': [ '3.1.2' ],
45 silly audit   '@jridgewell/set-array': [ '1.2.1' ],
45 silly audit   '@jridgewell/sourcemap-codec': [ '1.4.15' ],
45 silly audit   '@jridgewell/trace-mapping': [ '0.3.25' ],
45 silly audit   '@nodelib/fs.scandir': [ '2.1.5' ],
45 silly audit   '@nodelib/fs.stat': [ '2.0.5' ],
45 silly audit   '@nodelib/fs.walk': [ '1.2.8' ],
45 silly audit   '@pkgjs/parseargs': [ '0.11.0' ],
45 silly audit   '@rollup/rollup-android-arm-eabi': [ '4.13.2' ],
45 silly audit   '@rollup/rollup-android-arm64': [ '4.13.2' ],
45 silly audit   '@rollup/rollup-darwin-arm64': [ '4.13.2' ],
45 silly audit   '@rollup/rollup-darwin-x64': [ '4.13.2' ],
45 silly audit   '@rollup/rollup-linux-arm-gnueabihf': [ '4.13.2' ],
45 silly audit   '@rollup/rollup-linux-arm64-gnu': [ '4.13.2' ],
45 silly audit   '@rollup/rollup-linux-arm64-musl': [ '4.13.2' ],
45 silly audit   '@rollup/rollup-linux-powerpc64le-gnu': [ '4.13.2' ],
45 silly audit   '@rollup/rollup-linux-riscv64-gnu': [ '4.13.2' ],
45 silly audit   '@rollup/rollup-linux-s390x-gnu': [ '4.13.2' ],
45 silly audit   '@rollup/rollup-linux-x64-gnu': [ '4.13.2' ],
45 silly audit   '@rollup/rollup-linux-x64-musl': [ '4.13.2' ],
45 silly audit   '@rollup/rollup-win32-arm64-msvc': [ '4.13.2' ],
45 silly audit   '@rollup/rollup-win32-ia32-msvc': [ '4.13.2' ],
45 silly audit   '@rollup/rollup-win32-x64-msvc': [ '4.13.2' ],
45 silly audit   '@tailwindcss/forms': [ '0.5.7' ],
45 silly audit   '@types/estree': [ '1.0.5' ],
45 silly audit   '@vue/reactivity': [ '3.1.5' ],
45 silly audit   '@vue/shared': [ '3.1.5' ],
45 silly audit   alpinejs: [ '3.13.7' ],
45 silly audit   'ansi-regex': [ '6.0.1', '5.0.1' ],
45 silly audit   'ansi-styles': [ '6.2.1', '4.3.0' ],
45 silly audit   'any-promise': [ '1.3.0' ],
45 silly audit   anymatch: [ '3.1.3' ],
45 silly audit   arg: [ '5.0.2' ],
45 silly audit   asynckit: [ '0.4.0' ],
45 silly audit   autoprefixer: [ '10.4.19' ],
45 silly audit   axios: [ '1.6.8' ],
45 silly audit   'balanced-match': [ '1.0.2' ],
45 silly audit   'binary-extensions': [ '2.3.0' ],
45 silly audit   'brace-expansion': [ '2.0.1' ],
45 silly audit   braces: [ '3.0.2' ],
45 silly audit   browserslist: [ '4.23.0' ],
45 silly audit   'camelcase-css': [ '2.0.1' ],
45 silly audit   'caniuse-lite': [ '1.0.30001600' ],
45 silly audit   chokidar: [ '3.6.0' ],
45 silly audit   'glob-parent': [ '5.1.2', '6.0.2' ],
45 silly audit   'color-convert': [ '2.0.1' ],
45 silly audit   'color-name': [ '1.1.4' ],
45 silly audit   'combined-stream': [ '1.0.8' ],
45 silly audit   commander: [ '4.1.1' ],
45 silly audit   'cross-spawn': [ '7.0.3' ],
45 silly audit   cssesc: [ '3.0.0' ],
45 silly audit   'delayed-stream': [ '1.0.0' ],
45 silly audit   didyoumean: [ '1.2.2' ],
45 silly audit   dlv: [ '1.1.3' ],
45 silly audit   eastasianwidth: [ '0.2.0' ],
45 silly audit   'electron-to-chromium': [ '1.4.722' ],
45 silly audit   'emoji-regex': [ '9.2.2', '8.0.0' ],
45 silly audit   esbuild: [ '0.20.2' ],
45 silly audit   escalade: [ '3.1.2' ],
45 silly audit   'fast-glob': [ '3.3.2' ],
45 silly audit   fastq: [ '1.17.1' ],
45 silly audit   'fill-range': [ '7.0.1' ],
45 silly audit   'follow-redirects': [ '1.15.6' ],
45 silly audit   'foreground-child': [ '3.1.1' ],
45 silly audit   'form-data': [ '4.0.0' ],
45 silly audit   'fraction.js': [ '4.3.7' ],
45 silly audit   fsevents: [ '2.3.3' ],
45 silly audit   'function-bind': [ '1.1.2' ],
45 silly audit   glob: [ '10.3.12' ],
45 silly audit   hasown: [ '2.0.2' ],
45 silly audit   'is-binary-path': [ '2.1.0' ],
45 silly audit   'is-core-module': [ '2.13.1' ],
45 silly audit   'is-extglob': [ '2.1.1' ],
45 silly audit   'is-fullwidth-code-point': [ '3.0.0' ],
45 silly audit   'is-glob': [ '4.0.3' ],
45 silly audit   'is-number': [ '7.0.0' ],
45 silly audit   isexe: [ '2.0.0' ],
45 silly audit   jackspeak: [ '2.3.6' ],
45 silly audit   jiti: [ '1.21.0' ],
45 silly audit   'laravel-vite-plugin': [ '1.0.2' ],
45 silly audit   lilconfig: [ '2.1.0', '3.1.1' ],
45 silly audit   'lines-and-columns': [ '1.2.4' ],
45 silly audit   'lru-cache': [ '10.2.0' ],
45 silly audit   merge2: [ '1.4.1' ],
45 silly audit   micromatch: [ '4.0.5' ],
45 silly audit   'mime-db': [ '1.52.0' ],
45 silly audit   'mime-types': [ '2.1.35' ],
45 silly audit   'mini-svg-data-uri': [ '1.4.4' ],
45 silly audit   minimatch: [ '9.0.4' ],
45 silly audit   minipass: [ '7.0.4' ],
45 silly audit   mz: [ '2.7.0' ],
45 silly audit   nanoid: [ '3.3.7' ],
45 silly audit   'node-releases': [ '2.0.14' ],
45 silly audit   'normalize-path': [ '3.0.0' ],
45 silly audit   'normalize-range': [ '0.1.2' ],
45 silly audit   'object-assign': [ '4.1.1' ],
45 silly audit   'object-hash': [ '3.0.0' ],
45 silly audit   'path-key': [ '3.1.1' ],
45 silly audit   'path-parse': [ '1.0.7' ],
45 silly audit   'path-scurry': [ '1.10.2' ],
45 silly audit   picocolors: [ '1.0.0' ],
45 silly audit   picomatch: [ '2.3.1' ],
45 silly audit   pify: [ '2.3.0' ],
45 silly audit   pirates: [ '4.0.6' ],
45 silly audit   postcss: [ '8.4.38' ],
45 silly audit   'postcss-import': [ '15.1.0' ],
45 silly audit   'postcss-js': [ '4.0.1' ],
45 silly audit   'postcss-load-config': [ '4.0.2' ],
45 silly audit   'postcss-nested': [ '6.0.1' ],
45 silly audit   'postcss-selector-parser': [ '6.0.16' ],
45 silly audit   'postcss-value-parser': [ '4.2.0' ],
45 silly audit   'proxy-from-env': [ '1.1.0' ],
45 silly audit   'queue-microtask': [ '1.2.3' ],
45 silly audit   'read-cache': [ '1.0.0' ],
45 silly audit   readdirp: [ '3.6.0' ],
45 silly audit   resolve: [ '1.22.8' ],
45 silly audit   reusify: [ '1.0.4' ],
45 silly audit   rollup: [ '4.13.2' ],
45 silly audit   'run-parallel': [ '1.2.0' ],
45 silly audit   'shebang-command': [ '2.0.0' ],
45 silly audit   'shebang-regex': [ '3.0.0' ],
45 silly audit   'signal-exit': [ '4.1.0' ],
45 silly audit   'source-map-js': [ '1.2.0' ],
45 silly audit   'string-width': [ '5.1.2', '4.2.3' ],
45 silly audit   'strip-ansi': [ '6.0.1', '7.1.0' ],
45 silly audit   sucrase: [ '3.35.0' ],
45 silly audit   'supports-preserve-symlinks-flag': [ '1.0.0' ],
45 silly audit   tailwindcss: [ '3.4.3' ],
45 silly audit   thenify: [ '3.3.1' ],
45 silly audit   'thenify-all': [ '1.6.0' ],
45 silly audit   'to-regex-range': [ '5.0.1' ],
45 silly audit   'ts-interface-checker': [ '0.1.13' ],
45 silly audit   'update-browserslist-db': [ '1.0.13' ],
45 silly audit   'util-deprecate': [ '1.0.2' ],
45 silly audit   vite: [ '5.2.7' ],
45 silly audit   'vite-plugin-full-reload': [ '1.1.0' ],
45 silly audit   which: [ '2.0.2' ],
45 silly audit   'wrap-ansi': [ '8.1.0', '7.0.0' ],
45 silly audit   yaml: [ '2.4.1' ]
45 silly audit }
46 verbose reify failed optional dependency /root/node_modules/fsevents
47 silly reify mark deleted [ '/root/node_modules/fsevents' ]
48 verbose reify failed optional dependency /root/node_modules/@rollup/rollup-win32-x64-msvc
49 silly reify mark deleted [ '/root/node_modules/@rollup/rollup-win32-x64-msvc' ]
50 verbose reify failed optional dependency /root/node_modules/@rollup/rollup-win32-ia32-msvc
51 silly reify mark deleted [ '/root/node_modules/@rollup/rollup-win32-ia32-msvc' ]
52 verbose reify failed optional dependency /root/node_modules/@rollup/rollup-win32-arm64-msvc
53 silly reify mark deleted [ '/root/node_modules/@rollup/rollup-win32-arm64-msvc' ]
54 verbose reify failed optional dependency /root/node_modules/@rollup/rollup-linux-s390x-gnu
55 silly reify mark deleted [ '/root/node_modules/@rollup/rollup-linux-s390x-gnu' ]
56 verbose reify failed optional dependency /root/node_modules/@rollup/rollup-linux-riscv64-gnu
57 silly reify mark deleted [ '/root/node_modules/@rollup/rollup-linux-riscv64-gnu' ]
58 verbose reify failed optional dependency /root/node_modules/@rollup/rollup-linux-powerpc64le-gnu
59 silly reify mark deleted [ '/root/node_modules/@rollup/rollup-linux-powerpc64le-gnu' ]
60 verbose reify failed optional dependency /root/node_modules/@rollup/rollup-linux-arm64-musl
61 silly reify mark deleted [ '/root/node_modules/@rollup/rollup-linux-arm64-musl' ]
62 verbose reify failed optional dependency /root/node_modules/@rollup/rollup-linux-arm64-gnu
63 silly reify mark deleted [ '/root/node_modules/@rollup/rollup-linux-arm64-gnu' ]
64 verbose reify failed optional dependency /root/node_modules/@rollup/rollup-linux-arm-gnueabihf
65 silly reify mark deleted [ '/root/node_modules/@rollup/rollup-linux-arm-gnueabihf' ]
66 verbose reify failed optional dependency /root/node_modules/@rollup/rollup-darwin-x64
67 silly reify mark deleted [ '/root/node_modules/@rollup/rollup-darwin-x64' ]
68 verbose reify failed optional dependency /root/node_modules/@rollup/rollup-darwin-arm64
69 silly reify mark deleted [ '/root/node_modules/@rollup/rollup-darwin-arm64' ]
70 verbose reify failed optional dependency /root/node_modules/@rollup/rollup-android-arm64
71 silly reify mark deleted [ '/root/node_modules/@rollup/rollup-android-arm64' ]
72 verbose reify failed optional dependency /root/node_modules/@rollup/rollup-android-arm-eabi
73 silly reify mark deleted [ '/root/node_modules/@rollup/rollup-android-arm-eabi' ]
74 verbose reify failed optional dependency /root/node_modules/@esbuild/win32-x64
75 silly reify mark deleted [ '/root/node_modules/@esbuild/win32-x64' ]
76 verbose reify failed optional dependency /root/node_modules/@esbuild/win32-ia32
77 silly reify mark deleted [ '/root/node_modules/@esbuild/win32-ia32' ]
78 verbose reify failed optional dependency /root/node_modules/@esbuild/win32-arm64
79 silly reify mark deleted [ '/root/node_modules/@esbuild/win32-arm64' ]
80 verbose reify failed optional dependency /root/node_modules/@esbuild/sunos-x64
81 silly reify mark deleted [ '/root/node_modules/@esbuild/sunos-x64' ]
82 verbose reify failed optional dependency /root/node_modules/@esbuild/openbsd-x64
83 silly reify mark deleted [ '/root/node_modules/@esbuild/openbsd-x64' ]
84 verbose reify failed optional dependency /root/node_modules/@esbuild/netbsd-x64
85 silly reify mark deleted [ '/root/node_modules/@esbuild/netbsd-x64' ]
86 verbose reify failed optional dependency /root/node_modules/@esbuild/linux-s390x
87 silly reify mark deleted [ '/root/node_modules/@esbuild/linux-s390x' ]
88 verbose reify failed optional dependency /root/node_modules/@esbuild/linux-riscv64
89 silly reify mark deleted [ '/root/node_modules/@esbuild/linux-riscv64' ]
90 verbose reify failed optional dependency /root/node_modules/@esbuild/linux-ppc64
91 silly reify mark deleted [ '/root/node_modules/@esbuild/linux-ppc64' ]
92 verbose reify failed optional dependency /root/node_modules/@esbuild/linux-mips64el
93 silly reify mark deleted [ '/root/node_modules/@esbuild/linux-mips64el' ]
94 verbose reify failed optional dependency /root/node_modules/@esbuild/linux-loong64
95 silly reify mark deleted [ '/root/node_modules/@esbuild/linux-loong64' ]
96 verbose reify failed optional dependency /root/node_modules/@esbuild/linux-ia32
97 silly reify mark deleted [ '/root/node_modules/@esbuild/linux-ia32' ]
98 verbose reify failed optional dependency /root/node_modules/@esbuild/linux-arm64
99 silly reify mark deleted [ '/root/node_modules/@esbuild/linux-arm64' ]
100 verbose reify failed optional dependency /root/node_modules/@esbuild/linux-arm
101 silly reify mark deleted [ '/root/node_modules/@esbuild/linux-arm' ]
102 verbose reify failed optional dependency /root/node_modules/@esbuild/freebsd-x64
103 silly reify mark deleted [ '/root/node_modules/@esbuild/freebsd-x64' ]
104 verbose reify failed optional dependency /root/node_modules/@esbuild/freebsd-arm64
105 silly reify mark deleted [ '/root/node_modules/@esbuild/freebsd-arm64' ]
106 verbose reify failed optional dependency /root/node_modules/@esbuild/darwin-x64
107 silly reify mark deleted [ '/root/node_modules/@esbuild/darwin-x64' ]
108 verbose reify failed optional dependency /root/node_modules/@esbuild/darwin-arm64
109 silly reify mark deleted [ '/root/node_modules/@esbuild/darwin-arm64' ]
110 verbose reify failed optional dependency /root/node_modules/@esbuild/android-x64
111 silly reify mark deleted [ '/root/node_modules/@esbuild/android-x64' ]
112 verbose reify failed optional dependency /root/node_modules/@esbuild/android-arm64
113 silly reify mark deleted [ '/root/node_modules/@esbuild/android-arm64' ]
114 verbose reify failed optional dependency /root/node_modules/@esbuild/android-arm
115 silly reify mark deleted [ '/root/node_modules/@esbuild/android-arm' ]
116 verbose reify failed optional dependency /root/node_modules/@esbuild/aix-ppc64
117 silly reify mark deleted [ '/root/node_modules/@esbuild/aix-ppc64' ]
118 timing reifyNode:node_modules/fsevents Completed in 145ms
119 timing reifyNode:node_modules/@rollup/rollup-win32-x64-msvc Completed in 141ms
120 timing reifyNode:node_modules/@rollup/rollup-win32-ia32-msvc Completed in 141ms
121 timing reifyNode:node_modules/@rollup/rollup-win32-arm64-msvc Completed in 142ms
122 timing reifyNode:node_modules/@rollup/rollup-linux-s390x-gnu Completed in 142ms
123 timing reifyNode:node_modules/@rollup/rollup-linux-riscv64-gnu Completed in 142ms
124 timing reifyNode:node_modules/@rollup/rollup-linux-powerpc64le-gnu Completed in 143ms
125 timing reifyNode:node_modules/@rollup/rollup-linux-arm64-musl Completed in 143ms
126 timing reifyNode:node_modules/@rollup/rollup-linux-arm64-gnu Completed in 143ms
127 timing reifyNode:node_modules/@rollup/rollup-linux-arm-gnueabihf Completed in 144ms
128 timing reifyNode:node_modules/@rollup/rollup-darwin-x64 Completed in 144ms
129 timing reifyNode:node_modules/@rollup/rollup-darwin-arm64 Completed in 144ms
130 timing reifyNode:node_modules/@rollup/rollup-android-arm64 Completed in 144ms
131 timing reifyNode:node_modules/@rollup/rollup-android-arm-eabi Completed in 148ms
132 timing reifyNode:node_modules/@esbuild/win32-x64 Completed in 148ms
133 timing reifyNode:node_modules/@esbuild/win32-ia32 Completed in 148ms
134 timing reifyNode:node_modules/@esbuild/win32-arm64 Completed in 148ms
135 timing reifyNode:node_modules/@esbuild/sunos-x64 Completed in 149ms
136 timing reifyNode:node_modules/@esbuild/openbsd-x64 Completed in 149ms
137 timing reifyNode:node_modules/@esbuild/netbsd-x64 Completed in 149ms
138 timing reifyNode:node_modules/@esbuild/linux-s390x Completed in 150ms
139 timing reifyNode:node_modules/@esbuild/linux-riscv64 Completed in 150ms
140 timing reifyNode:node_modules/@esbuild/linux-ppc64 Completed in 150ms
141 timing reifyNode:node_modules/@esbuild/linux-mips64el Completed in 151ms
142 timing reifyNode:node_modules/@esbuild/linux-loong64 Completed in 151ms
143 timing reifyNode:node_modules/@esbuild/linux-ia32 Completed in 151ms
144 timing reifyNode:node_modules/@esbuild/linux-arm64 Completed in 151ms
145 timing reifyNode:node_modules/@esbuild/linux-arm Completed in 152ms
146 timing reifyNode:node_modules/@esbuild/freebsd-x64 Completed in 152ms
147 timing reifyNode:node_modules/@esbuild/freebsd-arm64 Completed in 151ms
148 timing reifyNode:node_modules/@esbuild/darwin-x64 Completed in 152ms
149 timing reifyNode:node_modules/@esbuild/darwin-arm64 Completed in 152ms
150 timing reifyNode:node_modules/@esbuild/android-x64 Completed in 152ms
151 timing reifyNode:node_modules/@esbuild/android-arm64 Completed in 153ms
152 timing reifyNode:node_modules/@esbuild/android-arm Completed in 153ms
153 timing reifyNode:node_modules/@esbuild/aix-ppc64 Completed in 153ms
154 silly tarball no local data for yaml@https://registry.npmjs.org/yaml/-/yaml-2.4.1.tgz. Extracting by manifest.
155 silly tarball no local data for wrap-ansi-cjs@https://registry.npmjs.org/wrap-ansi/-/wrap-ansi-7.0.0.tgz. Extracting by manifest.
156 silly tarball no local data for wrap-ansi@https://registry.npmjs.org/wrap-ansi/-/wrap-ansi-8.1.0.tgz. Extracting by manifest.
157 silly tarball no local data for which@https://registry.npmjs.org/which/-/which-2.0.2.tgz. Extracting by manifest.
158 silly tarball no local data for util-deprecate@https://registry.npmjs.org/util-deprecate/-/util-deprecate-1.0.2.tgz. Extracting by manifest.
159 silly tarball no local data for vite@https://registry.npmjs.org/vite/-/vite-5.2.7.tgz. Extracting by manifest.
160 silly tarball no local data for vite-plugin-full-reload@https://registry.npmjs.org/vite-plugin-full-reload/-/vite-plugin-full-reload-1.1.0.tgz. Extracting by manifest.
161 silly tarball no local data for update-browserslist-db@https://registry.npmjs.org/update-browserslist-db/-/update-browserslist-db-1.0.13.tgz. Extracting by manifest.
162 silly tarball no local data for to-regex-range@https://registry.npmjs.org/to-regex-range/-/to-regex-range-5.0.1.tgz. Extracting by manifest.
163 silly tarball no local data for thenify-all@https://registry.npmjs.org/thenify-all/-/thenify-all-1.6.0.tgz. Extracting by manifest.
164 silly tarball no local data for ts-interface-checker@https://registry.npmjs.org/ts-interface-checker/-/ts-interface-checker-0.1.13.tgz. Extracting by manifest.
165 silly tarball no local data for tailwindcss@https://registry.npmjs.org/tailwindcss/-/tailwindcss-3.4.3.tgz. Extracting by manifest.
166 silly tarball no local data for supports-preserve-symlinks-flag@https://registry.npmjs.org/supports-preserve-symlinks-flag/-/supports-preserve-symlinks-flag-1.0.0.tgz. Extracting by manifest.
167 silly tarball no local data for sucrase@https://registry.npmjs.org/sucrase/-/sucrase-3.35.0.tgz. Extracting by manifest.
168 silly tarball no local data for strip-ansi-cjs@https://registry.npmjs.org/strip-ansi/-/strip-ansi-6.0.1.tgz. Extracting by manifest.
169 silly tarball no local data for string-width-cjs@https://registry.npmjs.org/string-width/-/string-width-4.2.3.tgz. Extracting by manifest.
170 silly tarball no local data for strip-ansi@https://registry.npmjs.org/strip-ansi/-/strip-ansi-7.1.0.tgz. Extracting by manifest.
171 silly tarball no local data for string-width@https://registry.npmjs.org/string-width/-/string-width-5.1.2.tgz. Extracting by manifest.
172 silly tarball no local data for source-map-js@https://registry.npmjs.org/source-map-js/-/source-map-js-1.2.0.tgz. Extracting by manifest.
173 silly tarball no local data for signal-exit@https://registry.npmjs.org/signal-exit/-/signal-exit-4.1.0.tgz. Extracting by manifest.
174 silly tarball no local data for rollup@https://registry.npmjs.org/rollup/-/rollup-4.13.2.tgz. Extracting by manifest.
175 silly tarball no local data for shebang-regex@https://registry.npmjs.org/shebang-regex/-/shebang-regex-3.0.0.tgz. Extracting by manifest.
176 silly tarball no local data for shebang-command@https://registry.npmjs.org/shebang-command/-/shebang-command-2.0.0.tgz. Extracting by manifest.
177 silly tarball no local data for reusify@https://registry.npmjs.org/reusify/-/reusify-1.0.4.tgz. Extracting by manifest.
178 silly tarball no local data for run-parallel@https://registry.npmjs.org/run-parallel/-/run-parallel-1.2.0.tgz. Extracting by manifest.
179 silly tarball no local data for read-cache@https://registry.npmjs.org/read-cache/-/read-cache-1.0.0.tgz. Extracting by manifest.
180 silly tarball no local data for thenify@https://registry.npmjs.org/thenify/-/thenify-3.3.1.tgz. Extracting by manifest.
181 silly tarball no local data for resolve@https://registry.npmjs.org/resolve/-/resolve-1.22.8.tgz. Extracting by manifest.
182 silly tarball no local data for proxy-from-env@https://registry.npmjs.org/proxy-from-env/-/proxy-from-env-1.1.0.tgz. Extracting by manifest.
183 silly tarball no local data for postcss-value-parser@https://registry.npmjs.org/postcss-value-parser/-/postcss-value-parser-4.2.0.tgz. Extracting by manifest.
184 silly tarball no local data for postcss-selector-parser@https://registry.npmjs.org/postcss-selector-parser/-/postcss-selector-parser-6.0.16.tgz. Extracting by manifest.
185 silly tarball no local data for postcss-load-config@https://registry.npmjs.org/postcss-load-config/-/postcss-load-config-4.0.2.tgz. Extracting by manifest.
186 silly tarball no local data for postcss-nested@https://registry.npmjs.org/postcss-nested/-/postcss-nested-6.0.1.tgz. Extracting by manifest.
187 silly tarball no local data for postcss-js@https://registry.npmjs.org/postcss-js/-/postcss-js-4.0.1.tgz. Extracting by manifest.
188 silly tarball no local data for postcss-import@https://registry.npmjs.org/postcss-import/-/postcss-import-15.1.0.tgz. Extracting by manifest.
189 silly tarball no local data for pirates@https://registry.npmjs.org/pirates/-/pirates-4.0.6.tgz. Extracting by manifest.
190 silly tarball no local data for postcss@https://registry.npmjs.org/postcss/-/postcss-8.4.38.tgz. Extracting by manifest.
191 silly tarball no local data for pify@https://registry.npmjs.org/pify/-/pify-2.3.0.tgz. Extracting by manifest.
192 silly tarball no local data for picomatch@https://registry.npmjs.org/picomatch/-/picomatch-2.3.1.tgz. Extracting by manifest.
193 silly tarball no local data for path-scurry@https://registry.npmjs.org/path-scurry/-/path-scurry-1.10.2.tgz. Extracting by manifest.
194 silly tarball no local data for picocolors@https://registry.npmjs.org/picocolors/-/picocolors-1.0.0.tgz. Extracting by manifest.
195 silly tarball no local data for path-parse@https://registry.npmjs.org/path-parse/-/path-parse-1.0.7.tgz. Extracting by manifest.
196 silly tarball no local data for path-key@https://registry.npmjs.org/path-key/-/path-key-3.1.1.tgz. Extracting by manifest.
197 silly tarball no local data for normalize-range@https://registry.npmjs.org/normalize-range/-/normalize-range-0.1.2.tgz. Extracting by manifest.
198 silly tarball no local data for object-assign@https://registry.npmjs.org/object-assign/-/object-assign-4.1.1.tgz. Extracting by manifest.
199 silly tarball no local data for object-hash@https://registry.npmjs.org/object-hash/-/object-hash-3.0.0.tgz. Extracting by manifest.
200 silly tarball no local data for node-releases@https://registry.npmjs.org/node-releases/-/node-releases-2.0.14.tgz. Extracting by manifest.
201 silly tarball no local data for minipass@https://registry.npmjs.org/minipass/-/minipass-7.0.4.tgz. Extracting by manifest.
202 silly tarball no local data for mz@https://registry.npmjs.org/mz/-/mz-2.7.0.tgz. Extracting by manifest.
203 silly tarball no local data for readdirp@https://registry.npmjs.org/readdirp/-/readdirp-3.6.0.tgz. Extracting by manifest.
204 silly tarball no local data for nanoid@https://registry.npmjs.org/nanoid/-/nanoid-3.3.7.tgz. Extracting by manifest.
205 silly tarball no local data for mini-svg-data-uri@https://registry.npmjs.org/mini-svg-data-uri/-/mini-svg-data-uri-1.4.4.tgz. Extracting by manifest.
206 silly tarball no local data for mime-db@https://registry.npmjs.org/mime-db/-/mime-db-1.52.0.tgz. Extracting by manifest.
207 silly tarball no local data for minimatch@https://registry.npmjs.org/minimatch/-/minimatch-9.0.4.tgz. Extracting by manifest.
208 silly tarball no local data for mime-types@https://registry.npmjs.org/mime-types/-/mime-types-2.1.35.tgz. Extracting by manifest.
209 silly tarball no local data for lru-cache@https://registry.npmjs.org/lru-cache/-/lru-cache-10.2.0.tgz. Extracting by manifest.
210 silly tarball no local data for lines-and-columns@https://registry.npmjs.org/lines-and-columns/-/lines-and-columns-1.2.4.tgz. Extracting by manifest.
211 silly tarball no local data for merge2@https://registry.npmjs.org/merge2/-/merge2-1.4.1.tgz. Extracting by manifest.
212 silly tarball no local data for lilconfig@https://registry.npmjs.org/lilconfig/-/lilconfig-2.1.0.tgz. Extracting by manifest.
213 silly tarball no local data for micromatch@https://registry.npmjs.org/micromatch/-/micromatch-4.0.5.tgz. Extracting by manifest.
214 silly tarball no local data for jiti@https://registry.npmjs.org/jiti/-/jiti-1.21.0.tgz. Extracting by manifest.
215 silly tarball no local data for laravel-vite-plugin@https://registry.npmjs.org/laravel-vite-plugin/-/laravel-vite-plugin-1.0.2.tgz. Extracting by manifest.
216 silly tarball no local data for isexe@https://registry.npmjs.org/isexe/-/isexe-2.0.0.tgz. Extracting by manifest.
217 silly tarball no local data for jackspeak@https://registry.npmjs.org/jackspeak/-/jackspeak-2.3.6.tgz. Extracting by manifest.
218 silly tarball no local data for is-number@https://registry.npmjs.org/is-number/-/is-number-7.0.0.tgz. Extracting by manifest.
219 silly tarball no local data for is-glob@https://registry.npmjs.org/is-glob/-/is-glob-4.0.3.tgz. Extracting by manifest.
220 silly tarball no local data for is-extglob@https://registry.npmjs.org/is-extglob/-/is-extglob-2.1.1.tgz. Extracting by manifest.
221 silly tarball no local data for is-fullwidth-code-point@https://registry.npmjs.org/is-fullwidth-code-point/-/is-fullwidth-code-point-3.0.0.tgz. Extracting by manifest.
222 silly tarball no local data for is-core-module@https://registry.npmjs.org/is-core-module/-/is-core-module-2.13.1.tgz. Extracting by manifest.
223 silly tarball no local data for glob@https://registry.npmjs.org/glob/-/glob-10.3.12.tgz. Extracting by manifest.
224 silly tarball no local data for normalize-path@https://registry.npmjs.org/normalize-path/-/normalize-path-3.0.0.tgz. Extracting by manifest.
225 silly tarball no local data for is-binary-path@https://registry.npmjs.org/is-binary-path/-/is-binary-path-2.1.0.tgz. Extracting by manifest.
226 silly tarball no local data for hasown@https://registry.npmjs.org/hasown/-/hasown-2.0.2.tgz. Extracting by manifest.
227 silly tarball no local data for function-bind@https://registry.npmjs.org/function-bind/-/function-bind-1.1.2.tgz. Extracting by manifest.
228 silly tarball no local data for glob-parent@https://registry.npmjs.org/glob-parent/-/glob-parent-6.0.2.tgz. Extracting by manifest.
229 silly tarball no local data for form-data@https://registry.npmjs.org/form-data/-/form-data-4.0.0.tgz. Extracting by manifest.
230 silly tarball no local data for fraction.js@https://registry.npmjs.org/fraction.js/-/fraction.js-4.3.7.tgz. Extracting by manifest.
231 silly tarball no local data for foreground-child@https://registry.npmjs.org/foreground-child/-/foreground-child-3.1.1.tgz. Extracting by manifest.
232 silly tarball no local data for follow-redirects@https://registry.npmjs.org/follow-redirects/-/follow-redirects-1.15.6.tgz. Extracting by manifest.
233 silly tarball no local data for fastq@https://registry.npmjs.org/fastq/-/fastq-1.17.1.tgz. Extracting by manifest.
234 silly tarball no local data for fast-glob@https://registry.npmjs.org/fast-glob/-/fast-glob-3.3.2.tgz. Extracting by manifest.
235 silly tarball no local data for escalade@https://registry.npmjs.org/escalade/-/escalade-3.1.2.tgz. Extracting by manifest.
236 silly tarball no local data for fill-range@https://registry.npmjs.org/fill-range/-/fill-range-7.0.1.tgz. Extracting by manifest.
237 silly tarball no local data for emoji-regex@https://registry.npmjs.org/emoji-regex/-/emoji-regex-9.2.2.tgz. Extracting by manifest.
238 silly tarball no local data for electron-to-chromium@https://registry.npmjs.org/electron-to-chromium/-/electron-to-chromium-1.4.722.tgz. Extracting by manifest.
239 silly tarball no local data for esbuild@https://registry.npmjs.org/esbuild/-/esbuild-0.20.2.tgz. Extracting by manifest.
240 silly tarball no local data for eastasianwidth@https://registry.npmjs.org/eastasianwidth/-/eastasianwidth-0.2.0.tgz. Extracting by manifest.
241 silly tarball no local data for delayed-stream@https://registry.npmjs.org/delayed-stream/-/delayed-stream-1.0.0.tgz. Extracting by manifest.
242 silly tarball no local data for dlv@https://registry.npmjs.org/dlv/-/dlv-1.1.3.tgz. Extracting by manifest.
243 silly tarball no local data for didyoumean@https://registry.npmjs.org/didyoumean/-/didyoumean-1.2.2.tgz. Extracting by manifest.
244 silly tarball no local data for cross-spawn@https://registry.npmjs.org/cross-spawn/-/cross-spawn-7.0.3.tgz. Extracting by manifest.
245 silly tarball no local data for commander@https://registry.npmjs.org/commander/-/commander-4.1.1.tgz. Extracting by manifest.
246 silly tarball no local data for cssesc@https://registry.npmjs.org/cssesc/-/cssesc-3.0.0.tgz. Extracting by manifest.
247 silly tarball no local data for combined-stream@https://registry.npmjs.org/combined-stream/-/combined-stream-1.0.8.tgz. Extracting by manifest.
248 silly tarball no local data for color-convert@https://registry.npmjs.org/color-convert/-/color-convert-2.0.1.tgz. Extracting by manifest.
249 silly tarball no local data for color-name@https://registry.npmjs.org/color-name/-/color-name-1.1.4.tgz. Extracting by manifest.
250 silly tarball no local data for caniuse-lite@https://registry.npmjs.org/caniuse-lite/-/caniuse-lite-1.0.30001600.tgz. Extracting by manifest.
251 silly tarball no local data for chokidar@https://registry.npmjs.org/chokidar/-/chokidar-3.6.0.tgz. Extracting by manifest.
252 silly tarball no local data for browserslist@https://registry.npmjs.org/browserslist/-/browserslist-4.23.0.tgz. Extracting by manifest.
253 silly tarball no local data for binary-extensions@https://registry.npmjs.org/binary-extensions/-/binary-extensions-2.3.0.tgz. Extracting by manifest.
254 silly tarball no local data for camelcase-css@https://registry.npmjs.org/camelcase-css/-/camelcase-css-2.0.1.tgz. Extracting by manifest.
255 silly tarball no local data for brace-expansion@https://registry.npmjs.org/brace-expansion/-/brace-expansion-2.0.1.tgz. Extracting by manifest.
256 silly tarball no local data for balanced-match@https://registry.npmjs.org/balanced-match/-/balanced-match-1.0.2.tgz. Extracting by manifest.
257 silly tarball no local data for braces@https://registry.npmjs.org/braces/-/braces-3.0.2.tgz. Extracting by manifest.
258 silly tarball no local data for asynckit@https://registry.npmjs.org/asynckit/-/asynckit-0.4.0.tgz. Extracting by manifest.
259 silly tarball no local data for axios@https://registry.npmjs.org/axios/-/axios-1.6.8.tgz. Extracting by manifest.
260 silly tarball no local data for ansi-styles@https://registry.npmjs.org/ansi-styles/-/ansi-styles-6.2.1.tgz. Extracting by manifest.
261 silly tarball no local data for autoprefixer@https://registry.npmjs.org/autoprefixer/-/autoprefixer-10.4.19.tgz. Extracting by manifest.
262 silly tarball no local data for arg@https://registry.npmjs.org/arg/-/arg-5.0.2.tgz. Extracting by manifest.
263 silly tarball no local data for anymatch@https://registry.npmjs.org/anymatch/-/anymatch-3.1.3.tgz. Extracting by manifest.
264 silly tarball no local data for any-promise@https://registry.npmjs.org/any-promise/-/any-promise-1.3.0.tgz. Extracting by manifest.
265 silly tarball no local data for ansi-regex@https://registry.npmjs.org/ansi-regex/-/ansi-regex-6.0.1.tgz. Extracting by manifest.
266 silly tarball no local data for alpinejs@https://registry.npmjs.org/alpinejs/-/alpinejs-3.13.7.tgz. Extracting by manifest.
267 silly tarball no local data for queue-microtask@https://registry.npmjs.org/queue-microtask/-/queue-microtask-1.2.3.tgz. Extracting by manifest.
268 silly tarball no local data for @vue/shared@https://registry.npmjs.org/@vue/shared/-/shared-3.1.5.tgz. Extracting by manifest.
269 silly tarball no local data for @types/estree@https://registry.npmjs.org/@types/estree/-/estree-1.0.5.tgz. Extracting by manifest.
270 silly tarball no local data for @vue/reactivity@https://registry.npmjs.org/@vue/reactivity/-/reactivity-3.1.5.tgz. Extracting by manifest.
271 silly tarball no local data for @tailwindcss/forms@https://registry.npmjs.org/@tailwindcss/forms/-/forms-0.5.7.tgz. Extracting by manifest.
272 silly tarball no local data for @rollup/rollup-linux-x64-musl@https://registry.npmjs.org/@rollup/rollup-linux-x64-musl/-/rollup-linux-x64-musl-4.13.2.tgz. Extracting by manifest.
273 silly tarball no local data for @nodelib/fs.scandir@https://registry.npmjs.org/@nodelib/fs.scandir/-/fs.scandir-2.1.5.tgz. Extracting by manifest.
274 silly tarball no local data for @rollup/rollup-linux-x64-gnu@https://registry.npmjs.org/@rollup/rollup-linux-x64-gnu/-/rollup-linux-x64-gnu-4.13.2.tgz. Extracting by manifest.
275 silly tarball no local data for @nodelib/fs.walk@https://registry.npmjs.org/@nodelib/fs.walk/-/fs.walk-1.2.8.tgz. Extracting by manifest.
276 silly tarball no local data for @pkgjs/parseargs@https://registry.npmjs.org/@pkgjs/parseargs/-/parseargs-0.11.0.tgz. Extracting by manifest.
277 silly tarball no local data for @nodelib/fs.stat@https://registry.npmjs.org/@nodelib/fs.stat/-/fs.stat-2.0.5.tgz. Extracting by manifest.
278 silly tarball no local data for @jridgewell/trace-mapping@https://registry.npmjs.org/@jridgewell/trace-mapping/-/trace-mapping-0.3.25.tgz. Extracting by manifest.
279 silly tarball no local data for @jridgewell/resolve-uri@https://registry.npmjs.org/@jridgewell/resolve-uri/-/resolve-uri-3.1.2.tgz. Extracting by manifest.
280 silly tarball no local data for @jridgewell/sourcemap-codec@https://registry.npmjs.org/@jridgewell/sourcemap-codec/-/sourcemap-codec-1.4.15.tgz. Extracting by manifest.
281 silly tarball no local data for @jridgewell/set-array@https://registry.npmjs.org/@jridgewell/set-array/-/set-array-1.2.1.tgz. Extracting by manifest.
282 silly tarball no local data for @isaacs/cliui@https://registry.npmjs.org/@isaacs/cliui/-/cliui-8.0.2.tgz. Extracting by manifest.
283 silly tarball no local data for @jridgewell/gen-mapping@https://registry.npmjs.org/@jridgewell/gen-mapping/-/gen-mapping-0.3.5.tgz. Extracting by manifest.
284 silly tarball no local data for @esbuild/linux-x64@https://registry.npmjs.org/@esbuild/linux-x64/-/linux-x64-0.20.2.tgz. Extracting by manifest.
285 silly tarball no local data for @alloc/quick-lru@https://registry.npmjs.org/@alloc/quick-lru/-/quick-lru-5.2.0.tgz. Extracting by manifest.
286 silly tarball no local data for strip-ansi@https://registry.npmjs.org/strip-ansi/-/strip-ansi-6.0.1.tgz. Extracting by manifest.
287 silly tarball no local data for ansi-styles@https://registry.npmjs.org/ansi-styles/-/ansi-styles-4.3.0.tgz. Extracting by manifest.
288 silly tarball no local data for emoji-regex@https://registry.npmjs.org/emoji-regex/-/emoji-regex-8.0.0.tgz. Extracting by manifest.
289 silly tarball no local data for string-width@https://registry.npmjs.org/string-width/-/string-width-4.2.3.tgz. Extracting by manifest.
290 silly tarball no local data for ansi-regex@https://registry.npmjs.org/ansi-regex/-/ansi-regex-5.0.1.tgz. Extracting by manifest.
291 silly tarball no local data for emoji-regex@https://registry.npmjs.org/emoji-regex/-/emoji-regex-8.0.0.tgz. Extracting by manifest.
292 silly tarball no local data for strip-ansi@https://registry.npmjs.org/strip-ansi/-/strip-ansi-6.0.1.tgz. Extracting by manifest.
293 silly tarball no local data for ansi-regex@https://registry.npmjs.org/ansi-regex/-/ansi-regex-5.0.1.tgz. Extracting by manifest.
294 silly tarball no local data for ansi-regex@https://registry.npmjs.org/ansi-regex/-/ansi-regex-5.0.1.tgz. Extracting by manifest.
295 silly tarball no local data for glob-parent@https://registry.npmjs.org/glob-parent/-/glob-parent-5.1.2.tgz. Extracting by manifest.
296 silly tarball no local data for glob-parent@https://registry.npmjs.org/glob-parent/-/glob-parent-5.1.2.tgz. Extracting by manifest.
297 silly tarball no local data for lilconfig@https://registry.npmjs.org/lilconfig/-/lilconfig-3.1.1.tgz. Extracting by manifest.
298 http fetch POST 200 https://registry.npmjs.org/-/npm/v1/security/advisories/bulk 833ms
299 timing auditReport:getReport Completed in 839ms
300 silly audit report {}
301 timing auditReport:init Completed in 0ms
302 timing reify:audit Completed in 843ms
303 http fetch GET 200 https://registry.npmjs.org/string-width/-/string-width-4.2.3.tgz 1752ms (cache miss)
304 timing reifyNode:node_modules/string-width-cjs Completed in 2237ms
305 http fetch GET 200 https://registry.npmjs.org/wrap-ansi/-/wrap-ansi-7.0.0.tgz 2304ms (cache miss)
306 timing reifyNode:node_modules/wrap-ansi-cjs Completed in 2771ms
307 http fetch GET 200 https://registry.npmjs.org/strip-ansi/-/strip-ansi-7.1.0.tgz 2503ms (cache miss)
308 timing reifyNode:node_modules/strip-ansi Completed in 2988ms
309 http fetch GET 200 https://registry.npmjs.org/wrap-ansi/-/wrap-ansi-8.1.0.tgz 2777ms (cache miss)
310 timing reifyNode:node_modules/wrap-ansi Completed in 3244ms
311 http fetch GET 200 https://registry.npmjs.org/which/-/which-2.0.2.tgz 2776ms (cache miss)
312 timing reifyNode:node_modules/which Completed in 3245ms
313 http fetch GET 200 https://registry.npmjs.org/update-browserslist-db/-/update-browserslist-db-1.0.13.tgz 2773ms (cache miss)
314 timing reifyNode:node_modules/update-browserslist-db Completed in 3248ms
315 http fetch GET 200 https://registry.npmjs.org/util-deprecate/-/util-deprecate-1.0.2.tgz 2823ms (cache miss)
316 timing reifyNode:node_modules/util-deprecate Completed in 3294ms
317 http fetch GET 200 https://registry.npmjs.org/strip-ansi/-/strip-ansi-6.0.1.tgz 2820ms (cache miss)
318 timing reifyNode:node_modules/strip-ansi-cjs Completed in 3303ms
319 http fetch GET 200 https://registry.npmjs.org/supports-preserve-symlinks-flag/-/supports-preserve-symlinks-flag-1.0.0.tgz 2956ms (cache miss)
320 timing reifyNode:node_modules/supports-preserve-symlinks-flag Completed in 3437ms
321 http fetch GET 200 https://registry.npmjs.org/string-width/-/string-width-5.1.2.tgz 2998ms (cache miss)
322 timing reifyNode:node_modules/string-width Completed in 3485ms
323 http fetch GET 200 https://registry.npmjs.org/shebang-regex/-/shebang-regex-3.0.0.tgz 3026ms (cache miss)
324 timing reifyNode:node_modules/shebang-regex Completed in 3521ms
325 http fetch GET 200 https://registry.npmjs.org/shebang-command/-/shebang-command-2.0.0.tgz 3188ms (cache miss)
326 timing reifyNode:node_modules/shebang-command Completed in 3684ms
327 http fetch GET 200 https://registry.npmjs.org/reusify/-/reusify-1.0.4.tgz 3288ms (cache miss)
328 timing reifyNode:node_modules/reusify Completed in 3785ms
329 http fetch GET 200 https://registry.npmjs.org/read-cache/-/read-cache-1.0.0.tgz 3287ms (cache miss)
330 timing reifyNode:node_modules/read-cache Completed in 3787ms
331 http fetch GET 200 https://registry.npmjs.org/path-key/-/path-key-3.1.1.tgz 3264ms (cache miss)
332 timing reifyNode:node_modules/path-key Completed in 3793ms
333 http fetch GET 200 https://registry.npmjs.org/thenify-all/-/thenify-all-1.6.0.tgz 3338ms (cache miss)
334 timing reifyNode:node_modules/thenify-all Completed in 3817ms
335 http fetch GET 200 https://registry.npmjs.org/to-regex-range/-/to-regex-range-5.0.1.tgz 3372ms (cache miss)
336 timing reifyNode:node_modules/to-regex-range Completed in 3847ms
337 http fetch GET 200 https://registry.npmjs.org/postcss-load-config/-/postcss-load-config-4.0.2.tgz 3337ms (cache miss)
338 timing reifyNode:node_modules/postcss-load-config Completed in 3850ms
339 http fetch GET 200 https://registry.npmjs.org/run-parallel/-/run-parallel-1.2.0.tgz 3394ms (cache miss)
340 timing reifyNode:node_modules/run-parallel Completed in 3893ms
341 http fetch GET 200 https://registry.npmjs.org/picocolors/-/picocolors-1.0.0.tgz 3369ms (cache miss)
342 timing reifyNode:node_modules/picocolors Completed in 3894ms
343 http fetch GET 200 https://registry.npmjs.org/object-assign/-/object-assign-4.1.1.tgz 3365ms (cache miss)
344 timing reifyNode:node_modules/object-assign Completed in 3897ms
345 http fetch GET 200 https://registry.npmjs.org/laravel-vite-plugin/-/laravel-vite-plugin-1.0.2.tgz 3369ms (cache miss)
346 http fetch GET 200 https://registry.npmjs.org/lines-and-columns/-/lines-and-columns-1.2.4.tgz 3380ms (cache miss)
347 timing reifyNode:node_modules/lines-and-columns Completed in 3928ms
348 http fetch GET 200 https://registry.npmjs.org/thenify/-/thenify-3.3.1.tgz 3451ms (cache miss)
349 timing reifyNode:node_modules/thenify Completed in 3955ms
350 http fetch GET 200 https://registry.npmjs.org/path-parse/-/path-parse-1.0.7.tgz 3463ms (cache miss)
351 timing reifyNode:node_modules/path-parse Completed in 3990ms
352 http fetch GET 200 https://registry.npmjs.org/is-fullwidth-code-point/-/is-fullwidth-code-point-3.0.0.tgz 3436ms (cache miss)
353 timing reifyNode:node_modules/is-fullwidth-code-point Completed in 4010ms
354 http fetch GET 200 https://registry.npmjs.org/normalize-range/-/normalize-range-0.1.2.tgz 3485ms (cache miss)
355 timing reifyNode:node_modules/normalize-range Completed in 4015ms
356 http fetch GET 200 https://registry.npmjs.org/postcss-js/-/postcss-js-4.0.1.tgz 3503ms (cache miss)
357 timing reifyNode:node_modules/postcss-js Completed in 4019ms
358 http fetch GET 200 https://registry.npmjs.org/postcss-import/-/postcss-import-15.1.0.tgz 3504ms (cache miss)
359 timing reifyNode:node_modules/postcss-import Completed in 4022ms
360 http fetch GET 200 https://registry.npmjs.org/pify/-/pify-2.3.0.tgz 3508ms (cache miss)
361 timing reifyNode:node_modules/pify Completed in 4031ms
362 http fetch GET 200 https://registry.npmjs.org/postcss-nested/-/postcss-nested-6.0.1.tgz 3528ms (cache miss)
363 timing reifyNode:node_modules/postcss-nested Completed in 4043ms
364 http fetch GET 200 https://registry.npmjs.org/pirates/-/pirates-4.0.6.tgz 3594ms (cache miss)
365 timing reifyNode:node_modules/pirates Completed in 4113ms
366 http fetch GET 200 https://registry.npmjs.org/merge2/-/merge2-1.4.1.tgz 3565ms (cache miss)
367 timing reifyNode:node_modules/merge2 Completed in 4114ms
368 http fetch GET 200 https://registry.npmjs.org/mini-svg-data-uri/-/mini-svg-data-uri-1.4.4.tgz 3576ms (cache miss)
369 timing reifyNode:node_modules/mini-svg-data-uri Completed in 4117ms
370 http fetch GET 200 https://registry.npmjs.org/escalade/-/escalade-3.1.2.tgz 3550ms (cache miss)
371 timing reifyNode:node_modules/escalade Completed in 4146ms
372 http fetch GET 200 https://registry.npmjs.org/vite-plugin-full-reload/-/vite-plugin-full-reload-1.1.0.tgz 3701ms (cache miss)
373 timing reifyNode:node_modules/vite-plugin-full-reload Completed in 4174ms
374 http fetch GET 200 https://registry.npmjs.org/is-number/-/is-number-7.0.0.tgz 3627ms (cache miss)
375 timing reifyNode:node_modules/is-number Completed in 4187ms
376 http fetch GET 200 https://registry.npmjs.org/dlv/-/dlv-1.1.3.tgz 3586ms (cache miss)
377 timing reifyNode:node_modules/dlv Completed in 4188ms
378 http fetch GET 200 https://registry.npmjs.org/micromatch/-/micromatch-4.0.5.tgz 3640ms (cache miss)
379 timing reifyNode:node_modules/micromatch Completed in 4193ms
380 http fetch GET 200 https://registry.npmjs.org/lilconfig/-/lilconfig-2.1.0.tgz 3644ms (cache miss)
381 timing reifyNode:node_modules/lilconfig Completed in 4194ms
382 http fetch GET 200 https://registry.npmjs.org/cross-spawn/-/cross-spawn-7.0.3.tgz 3598ms (cache miss)
383 timing reifyNode:node_modules/cross-spawn Completed in 4204ms
384 http fetch GET 200 https://registry.npmjs.org/glob-parent/-/glob-parent-6.0.2.tgz 3644ms (cache miss)
385 timing reifyNode:node_modules/glob-parent Completed in 4228ms
386 http fetch GET 200 https://registry.npmjs.org/normalize-path/-/normalize-path-3.0.0.tgz 3653ms (cache miss)
387 timing reifyNode:node_modules/normalize-path Completed in 4233ms
388 http fetch GET 200 https://registry.npmjs.org/form-data/-/form-data-4.0.0.tgz 3656ms (cache miss)
389 timing reifyNode:node_modules/form-data Completed in 4245ms
390 http fetch GET 200 https://registry.npmjs.org/isexe/-/isexe-2.0.0.tgz 3721ms (cache miss)
391 timing reifyNode:node_modules/isexe Completed in 4278ms
392 http fetch GET 200 https://registry.npmjs.org/is-glob/-/is-glob-4.0.3.tgz 3719ms (cache miss)
393 timing reifyNode:node_modules/is-glob Completed in 4281ms
394 http fetch GET 200 https://registry.npmjs.org/cssesc/-/cssesc-3.0.0.tgz 3679ms (cache miss)
395 timing reifyNode:node_modules/cssesc Completed in 4286ms
396 http fetch GET 200 https://registry.npmjs.org/node-releases/-/node-releases-2.0.14.tgz 3776ms (cache miss)
397 timing reifyNode:node_modules/node-releases Completed in 4310ms
398 http fetch GET 200 https://registry.npmjs.org/is-binary-path/-/is-binary-path-2.1.0.tgz 3735ms (cache miss)
399 timing reifyNode:node_modules/is-binary-path Completed in 4316ms
400 http fetch GET 200 https://registry.npmjs.org/mz/-/mz-2.7.0.tgz 3797ms (cache miss)
401 timing reifyNode:node_modules/mz Completed in 4332ms
402 http fetch GET 200 https://registry.npmjs.org/object-hash/-/object-hash-3.0.0.tgz 3804ms (cache miss)
403 timing reifyNode:node_modules/object-hash Completed in 4336ms
404 http fetch GET 200 https://registry.npmjs.org/is-extglob/-/is-extglob-2.1.1.tgz 3779ms (cache miss)
405 timing reifyNode:node_modules/is-extglob Completed in 4342ms
406 http fetch GET 200 https://registry.npmjs.org/mime-types/-/mime-types-2.1.35.tgz 3801ms (cache miss)
407 timing reifyNode:node_modules/mime-types Completed in 4346ms
408 http fetch GET 200 https://registry.npmjs.org/didyoumean/-/didyoumean-1.2.2.tgz 3741ms (cache miss)
409 timing reifyNode:node_modules/didyoumean Completed in 4345ms
410 http fetch GET 200 https://registry.npmjs.org/strip-ansi/-/strip-ansi-6.0.1.tgz 3657ms (cache miss)
411 timing reifyNode:node_modules/string-width-cjs/node_modules/strip-ansi Completed in 4359ms
412 http fetch GET 200 https://registry.npmjs.org/strip-ansi/-/strip-ansi-6.0.1.tgz 3677ms (cache miss)
413 timing reifyNode:node_modules/wrap-ansi-cjs/node_modules/strip-ansi Completed in 4364ms
414 http fetch GET 200 https://registry.npmjs.org/string-width/-/string-width-4.2.3.tgz 3674ms (cache miss)
415 timing reifyNode:node_modules/wrap-ansi-cjs/node_modules/string-width Completed in 4367ms
416 timing reifyNode:node_modules/laravel-vite-plugin Completed in 4366ms
417 http fetch GET 200 https://registry.npmjs.org/fill-range/-/fill-range-7.0.1.tgz 3771ms (cache miss)
418 timing reifyNode:node_modules/fill-range Completed in 4368ms
419 http fetch GET 200 https://registry.npmjs.org/browserslist/-/browserslist-4.23.0.tgz 3748ms (cache miss)
420 timing reifyNode:node_modules/browserslist Completed in 4368ms
421 http fetch GET 200 https://registry.npmjs.org/is-core-module/-/is-core-module-2.13.1.tgz 3802ms (cache miss)
422 timing reifyNode:node_modules/is-core-module Completed in 4379ms
423 http fetch GET 200 https://registry.npmjs.org/@isaacs/cliui/-/cliui-8.0.2.tgz 3713ms (cache miss)
424 http fetch GET 200 https://registry.npmjs.org/@jridgewell/sourcemap-codec/-/sourcemap-codec-1.4.15.tgz 3730ms (cache miss)
425 http fetch GET 200 https://registry.npmjs.org/balanced-match/-/balanced-match-1.0.2.tgz 3778ms (cache miss)
426 timing reifyNode:node_modules/balanced-match Completed in 4403ms
427 http fetch GET 200 https://registry.npmjs.org/queue-microtask/-/queue-microtask-1.2.3.tgz 3765ms (cache miss)
428 timing reifyNode:node_modules/queue-microtask Completed in 4411ms
429 http fetch GET 200 https://registry.npmjs.org/binary-extensions/-/binary-extensions-2.3.0.tgz 3786ms (cache miss)
430 timing reifyNode:node_modules/binary-extensions Completed in 4406ms
431 http fetch GET 200 https://registry.npmjs.org/asynckit/-/asynckit-0.4.0.tgz 3781ms (cache miss)
432 http fetch GET 200 https://registry.npmjs.org/color-name/-/color-name-1.1.4.tgz 3801ms (cache miss)
433 timing reifyNode:node_modules/color-name Completed in 4412ms
434 http fetch GET 200 https://registry.npmjs.org/combined-stream/-/combined-stream-1.0.8.tgz 3809ms (cache miss)
435 timing reifyNode:node_modules/combined-stream Completed in 4416ms
436 http fetch GET 200 https://registry.npmjs.org/color-convert/-/color-convert-2.0.1.tgz 3808ms (cache miss)
437 timing reifyNode:node_modules/color-convert Completed in 4417ms
438 http fetch GET 200 https://registry.npmjs.org/anymatch/-/anymatch-3.1.3.tgz 3783ms (cache miss)
439 timing reifyNode:node_modules/anymatch Completed in 4418ms
440 http fetch GET 200 https://registry.npmjs.org/any-promise/-/any-promise-1.3.0.tgz 3784ms (cache miss)
441 http fetch GET 200 https://registry.npmjs.org/ansi-regex/-/ansi-regex-6.0.1.tgz 3787ms (cache miss)
442 timing reifyNode:node_modules/ansi-regex Completed in 4426ms
443 http fetch GET 200 https://registry.npmjs.org/emoji-regex/-/emoji-regex-8.0.0.tgz 3747ms (cache miss)
444 timing reifyNode:node_modules/wrap-ansi-cjs/node_modules/emoji-regex Completed in 4438ms
445 http fetch GET 200 https://registry.npmjs.org/hasown/-/hasown-2.0.2.tgz 3860ms (cache miss)
446 timing reifyNode:node_modules/hasown Completed in 4441ms
447 timing reifyNode:node_modules/@isaacs/cliui Completed in 4452ms
448 http fetch GET 200 https://registry.npmjs.org/camelcase-css/-/camelcase-css-2.0.1.tgz 3834ms (cache miss)
449 timing reifyNode:node_modules/camelcase-css Completed in 4458ms
450 http fetch GET 200 https://registry.npmjs.org/readdirp/-/readdirp-3.6.0.tgz 3928ms (cache miss)
451 timing reifyNode:node_modules/readdirp Completed in 4469ms
452 http fetch GET 200 https://registry.npmjs.org/@types/estree/-/estree-1.0.5.tgz 3821ms (cache miss)
453 timing reifyNode:node_modules/@types/estree Completed in 4465ms
454 http fetch GET 200 https://registry.npmjs.org/eastasianwidth/-/eastasianwidth-0.2.0.tgz 3876ms (cache miss)
455 timing reifyNode:node_modules/eastasianwidth Completed in 4476ms
456 http fetch GET 200 https://registry.npmjs.org/delayed-stream/-/delayed-stream-1.0.0.tgz 3878ms (cache miss)
457 timing reifyNode:node_modules/delayed-stream Completed in 4479ms
458 http fetch GET 200 https://registry.npmjs.org/arg/-/arg-5.0.2.tgz 3845ms (cache miss)
459 timing reifyNode:node_modules/arg Completed in 4479ms
460 http fetch GET 200 https://registry.npmjs.org/ansi-styles/-/ansi-styles-6.2.1.tgz 3852ms (cache miss)
461 timing reifyNode:node_modules/ansi-styles Completed in 4482ms
462 http fetch GET 200 https://registry.npmjs.org/chokidar/-/chokidar-3.6.0.tgz 3874ms (cache miss)
463 http fetch GET 200 https://registry.npmjs.org/postcss-value-parser/-/postcss-value-parser-4.2.0.tgz 3997ms (cache miss)
464 timing reifyNode:node_modules/postcss-value-parser Completed in 4508ms
465 http fetch GET 200 https://registry.npmjs.org/@nodelib/fs.stat/-/fs.stat-2.0.5.tgz 3850ms (cache miss)
466 http fetch GET 200 https://registry.npmjs.org/ansi-regex/-/ansi-regex-5.0.1.tgz 3804ms (cache miss)
467 timing reifyNode:node_modules/strip-ansi-cjs/node_modules/ansi-regex Completed in 4518ms
468 http fetch GET 200 https://registry.npmjs.org/@jridgewell/resolve-uri/-/resolve-uri-3.1.2.tgz 3852ms (cache miss)
469 timing reifyNode:node_modules/@jridgewell/resolve-uri Completed in 4511ms
470 http fetch GET 200 https://registry.npmjs.org/@nodelib/fs.walk/-/fs.walk-1.2.8.tgz 3860ms (cache miss)
471 http fetch GET 200 https://registry.npmjs.org/emoji-regex/-/emoji-regex-8.0.0.tgz 3837ms (cache miss)
472 timing reifyNode:node_modules/string-width-cjs/node_modules/emoji-regex Completed in 4537ms
473 http fetch GET 200 https://registry.npmjs.org/fraction.js/-/fraction.js-4.3.7.tgz 3954ms (cache miss)
474 timing reifyNode:node_modules/fraction.js Completed in 4543ms
475 http fetch GET 200 https://registry.npmjs.org/proxy-from-env/-/proxy-from-env-1.1.0.tgz 4043ms (cache miss)
476 timing reifyNode:node_modules/proxy-from-env Completed in 4550ms
477 http fetch GET 200 https://registry.npmjs.org/@alloc/quick-lru/-/quick-lru-5.2.0.tgz 3883ms (cache miss)
478 timing reifyNode:node_modules/@alloc/quick-lru Completed in 4550ms
479 timing reifyNode:node_modules/@jridgewell/sourcemap-codec Completed in 4552ms
480 http fetch GET 200 https://registry.npmjs.org/brace-expansion/-/brace-expansion-2.0.1.tgz 3941ms (cache miss)
481 timing reifyNode:node_modules/brace-expansion Completed in 4565ms
482 http fetch GET 200 https://registry.npmjs.org/lilconfig/-/lilconfig-3.1.1.tgz 3764ms (cache miss)
483 timing reifyNode:node_modules/postcss-load-config/node_modules/lilconfig Completed in 4580ms
484 http fetch GET 200 https://registry.npmjs.org/braces/-/braces-3.0.2.tgz 3949ms (cache miss)
485 http fetch GET 200 https://registry.npmjs.org/ansi-regex/-/ansi-regex-5.0.1.tgz 3887ms (cache miss)
486 timing reifyNode:node_modules/wrap-ansi-cjs/node_modules/ansi-regex Completed in 4588ms
487 http fetch GET 200 https://registry.npmjs.org/ansi-styles/-/ansi-styles-4.3.0.tgz 3902ms (cache miss)
488 timing reifyNode:node_modules/wrap-ansi-cjs/node_modules/ansi-styles Completed in 4591ms
489 timing reifyNode:node_modules/chokidar Completed in 4590ms
490 http fetch GET 200 https://registry.npmjs.org/ansi-regex/-/ansi-regex-5.0.1.tgz 3889ms (cache miss)
491 timing reifyNode:node_modules/string-width-cjs/node_modules/ansi-regex Completed in 4600ms
492 http fetch GET 200 https://registry.npmjs.org/ts-interface-checker/-/ts-interface-checker-0.1.13.tgz 4125ms (cache miss)
493 timing reifyNode:node_modules/ts-interface-checker Completed in 4604ms
494 http fetch GET 200 https://registry.npmjs.org/@jridgewell/set-array/-/set-array-1.2.1.tgz 3940ms (cache miss)
495 timing reifyNode:node_modules/@jridgewell/set-array Completed in 4602ms
496 http fetch GET 200 https://registry.npmjs.org/glob-parent/-/glob-parent-5.1.2.tgz 3886ms (cache miss)
497 timing reifyNode:node_modules/chokidar/node_modules/glob-parent Completed in 4609ms
498 timing reifyNode:node_modules/braces Completed in 4611ms
499 http fetch GET 200 https://registry.npmjs.org/@jridgewell/gen-mapping/-/gen-mapping-0.3.5.tgz 3978ms (cache miss)
500 http fetch GET 200 https://registry.npmjs.org/glob-parent/-/glob-parent-5.1.2.tgz 3909ms (cache miss)
501 timing reifyNode:node_modules/fast-glob/node_modules/glob-parent Completed in 4676ms
502 timing reifyNode:node_modules/asynckit Completed in 4680ms
503 http fetch GET 200 https://registry.npmjs.org/nanoid/-/nanoid-3.3.7.tgz 4152ms (cache miss)
504 http fetch GET 200 https://registry.npmjs.org/follow-redirects/-/follow-redirects-1.15.6.tgz 4140ms (cache miss)
505 timing reifyNode:node_modules/follow-redirects Completed in 4732ms
506 timing reifyNode:node_modules/@jridgewell/gen-mapping Completed in 4736ms
507 http fetch GET 200 https://registry.npmjs.org/@tailwindcss/forms/-/forms-0.5.7.tgz 4090ms (cache miss)
508 http fetch GET 200 https://registry.npmjs.org/@vue/reactivity/-/reactivity-3.1.5.tgz 4094ms (cache miss)
509 http fetch GET 200 https://registry.npmjs.org/commander/-/commander-4.1.1.tgz 4142ms (cache miss)
510 timing reifyNode:node_modules/commander Completed in 4747ms
511 http fetch GET 200 https://registry.npmjs.org/emoji-regex/-/emoji-regex-9.2.2.tgz 4178ms (cache miss)
512 timing reifyNode:node_modules/nanoid Completed in 4786ms
513 http fetch GET 200 https://registry.npmjs.org/@vue/shared/-/shared-3.1.5.tgz 4172ms (cache miss)
514 timing reifyNode:node_modules/@vue/shared Completed in 4817ms
515 http fetch GET 200 https://registry.npmjs.org/fastq/-/fastq-1.17.1.tgz 4233ms (cache miss)
516 timing reifyNode:node_modules/fastq Completed in 4826ms
517 timing reifyNode:node_modules/@tailwindcss/forms Completed in 4830ms
518 timing reifyNode:node_modules/@vue/reactivity Completed in 4836ms
519 timing reifyNode:node_modules/@nodelib/fs.stat Completed in 4855ms
520 timing reifyNode:node_modules/emoji-regex Completed in 4864ms
521 http fetch GET 200 https://registry.npmjs.org/function-bind/-/function-bind-1.1.2.tgz 4342ms (cache miss)
522 timing reifyNode:node_modules/function-bind Completed in 4924ms
523 http fetch GET 200 https://registry.npmjs.org/@jridgewell/trace-mapping/-/trace-mapping-0.3.25.tgz 4312ms (cache miss)
524 http fetch GET 200 https://registry.npmjs.org/electron-to-chromium/-/electron-to-chromium-1.4.722.tgz 4384ms (cache miss)
525 http fetch GET 200 https://registry.npmjs.org/@nodelib/fs.scandir/-/fs.scandir-2.1.5.tgz 4331ms (cache miss)
526 timing reifyNode:node_modules/@jridgewell/trace-mapping Completed in 5041ms
527 http fetch GET 200 https://registry.npmjs.org/esbuild/-/esbuild-0.20.2.tgz 4448ms (cache miss)
528 timing reifyNode:node_modules/esbuild Completed in 5048ms
529 timing reifyNode:node_modules/electron-to-chromium Completed in 5052ms
530 http fetch GET 200 https://registry.npmjs.org/minipass/-/minipass-7.0.4.tgz 4523ms (cache miss)
531 timing reifyNode:node_modules/@nodelib/fs.scandir Completed in 5052ms
532 http fetch GET 200 https://registry.npmjs.org/mime-db/-/mime-db-1.52.0.tgz 4528ms (cache miss)
533 timing reifyNode:node_modules/mime-db Completed in 5070ms
534 http fetch GET 200 https://registry.npmjs.org/picomatch/-/picomatch-2.3.1.tgz 4557ms (cache miss)
535 timing reifyNode:node_modules/picomatch Completed in 5082ms
536 http fetch GET 200 https://registry.npmjs.org/@pkgjs/parseargs/-/parseargs-0.11.0.tgz 4432ms (cache miss)
537 timing reifyNode:node_modules/@pkgjs/parseargs Completed in 5087ms
538 http fetch GET 200 https://registry.npmjs.org/signal-exit/-/signal-exit-4.1.0.tgz 4624ms (cache miss)
539 timing reifyNode:node_modules/signal-exit Completed in 5113ms
540 http fetch GET 200 https://registry.npmjs.org/foreground-child/-/foreground-child-3.1.1.tgz 4530ms (cache miss)
541 timing reifyNode:node_modules/minipass Completed in 5126ms
542 timing reifyNode:node_modules/any-promise Completed in 5137ms
543 timing reifyNode:node_modules/@nodelib/fs.walk Completed in 5153ms
544 timing reifyNode:node_modules/foreground-child Completed in 5179ms
545 http fetch GET 200 https://registry.npmjs.org/source-map-js/-/source-map-js-1.2.0.tgz 4744ms (cache miss)
546 timing reifyNode:node_modules/source-map-js Completed in 5234ms
547 http fetch GET 200 https://registry.npmjs.org/path-scurry/-/path-scurry-1.10.2.tgz 4808ms (cache miss)
548 timing reifyNode:node_modules/path-scurry Completed in 5331ms
549 http fetch GET 200 https://registry.npmjs.org/jackspeak/-/jackspeak-2.3.6.tgz 4936ms (cache miss)
550 timing reifyNode:node_modules/jackspeak Completed in 5519ms
551 http fetch GET 200 https://registry.npmjs.org/postcss-selector-parser/-/postcss-selector-parser-6.0.16.tgz 5164ms (cache miss)
552 timing reifyNode:node_modules/postcss-selector-parser Completed in 5679ms
553 http fetch GET 200 https://registry.npmjs.org/lru-cache/-/lru-cache-10.2.0.tgz 5236ms (cache miss)
554 timing reifyNode:node_modules/lru-cache Completed in 5782ms
555 http fetch GET 200 https://registry.npmjs.org/fast-glob/-/fast-glob-3.3.2.tgz 5191ms (cache miss)
556 timing reifyNode:node_modules/fast-glob Completed in 5800ms
557 http fetch GET 200 https://registry.npmjs.org/minimatch/-/minimatch-9.0.4.tgz 5348ms (cache miss)
558 timing reifyNode:node_modules/minimatch Completed in 5931ms
559 http fetch GET 200 https://registry.npmjs.org/postcss/-/postcss-8.4.38.tgz 5452ms (cache miss)
560 timing reifyNode:node_modules/postcss Completed in 5973ms
561 http fetch GET 200 https://registry.npmjs.org/glob/-/glob-10.3.12.tgz 5583ms (cache miss)
562 http fetch GET 200 https://registry.npmjs.org/autoprefixer/-/autoprefixer-10.4.19.tgz 5530ms (cache miss)
563 timing reifyNode:node_modules/autoprefixer Completed in 6179ms
564 timing reifyNode:node_modules/glob Completed in 6190ms
565 http fetch GET 200 https://registry.npmjs.org/alpinejs/-/alpinejs-3.13.7.tgz 5726ms (cache miss)
566 timing reifyNode:node_modules/alpinejs Completed in 6365ms
567 http fetch GET 200 https://registry.npmjs.org/jiti/-/jiti-1.21.0.tgz 5896ms (cache miss)
568 timing reifyNode:node_modules/jiti Completed in 6470ms
569 http fetch GET 200 https://registry.npmjs.org/@rollup/rollup-linux-x64-gnu/-/rollup-linux-x64-gnu-4.13.2.tgz 6228ms (cache miss)
570 timing reifyNode:node_modules/@rollup/rollup-linux-x64-gnu Completed in 6880ms
571 http fetch GET 200 https://registry.npmjs.org/rollup/-/rollup-4.13.2.tgz 6523ms (cache miss)
572 timing reifyNode:node_modules/rollup Completed in 7034ms
573 http fetch GET 200 https://registry.npmjs.org/@rollup/rollup-linux-x64-musl/-/rollup-linux-x64-musl-4.13.2.tgz 6405ms (cache miss)
574 timing reifyNode:node_modules/@rollup/rollup-linux-x64-musl Completed in 7056ms
575 http fetch GET 200 https://registry.npmjs.org/resolve/-/resolve-1.22.8.tgz 6693ms (cache miss)
576 timing reifyNode:node_modules/resolve Completed in 7196ms
577 http fetch GET 200 https://registry.npmjs.org/axios/-/axios-1.6.8.tgz 6588ms (cache miss)
578 timing reifyNode:node_modules/axios Completed in 7220ms
579 http fetch GET 200 https://registry.npmjs.org/vite/-/vite-5.2.7.tgz 7048ms (cache miss)
580 timing reifyNode:node_modules/vite Completed in 7520ms
581 http fetch GET 200 https://registry.npmjs.org/sucrase/-/sucrase-3.35.0.tgz 7424ms (cache miss)
582 timing reifyNode:node_modules/sucrase Completed in 7907ms
583 http fetch GET 200 https://registry.npmjs.org/yaml/-/yaml-2.4.1.tgz 7457ms (cache miss)
584 timing reifyNode:node_modules/yaml Completed in 7922ms
585 http fetch GET 200 https://registry.npmjs.org/@esbuild/linux-x64/-/linux-x64-0.20.2.tgz 7705ms (cache miss)
586 timing reifyNode:node_modules/@esbuild/linux-x64 Completed in 8371ms
587 http fetch GET 200 https://registry.npmjs.org/tailwindcss/-/tailwindcss-3.4.3.tgz 8129ms (cache miss)
588 timing reifyNode:node_modules/tailwindcss Completed in 8610ms
589 http fetch GET 200 https://registry.npmjs.org/caniuse-lite/-/caniuse-lite-1.0.30001600.tgz 9007ms (cache miss)
590 timing reifyNode:node_modules/caniuse-lite Completed in 9621ms
591 timing reify:unpack Completed in 9632ms
592 timing reify:unretire Completed in 1ms
593 timing build:queue Completed in 69ms
594 timing build:link:node_modules/browserslist Completed in 76ms
595 timing build:link:node_modules/cssesc Completed in 79ms
596 timing build:link:node_modules/jiti Completed in 78ms
597 timing build:link:node_modules/esbuild Completed in 80ms
598 timing build:link:node_modules/autoprefixer Completed in 84ms
599 timing build:link:node_modules/laravel-vite-plugin Completed in 79ms
600 timing build:link:node_modules/mini-svg-data-uri Completed in 80ms
601 timing build:link:node_modules/nanoid Completed in 80ms
602 timing build:link:node_modules/glob Completed in 82ms
603 timing build:link:node_modules/resolve Completed in 81ms
604 timing build:link:node_modules/sucrase Completed in 80ms
605 timing build:link:node_modules/update-browserslist-db Completed in 79ms
606 timing build:link:node_modules/tailwindcss Completed in 81ms
607 timing build:link:node_modules/yaml Completed in 80ms
608 timing build:link:node_modules/rollup Completed in 81ms
609 timing build:link:node_modules/vite Completed in 80ms
610 timing build:link:node_modules/which Completed in 81ms
611 timing build:link Completed in 89ms
612 info run esbuild@0.20.2 postinstall node_modules/esbuild node install.js
613 info run esbuild@0.20.2 postinstall { code: 0, signal: null }
614 timing build:run:postinstall:node_modules/esbuild Completed in 471ms
615 timing build:run:postinstall Completed in 473ms
616 timing build:deps Completed in 632ms
617 timing build Completed in 633ms
618 timing reify:build Completed in 635ms
619 timing reify:trash Completed in 67ms
620 timing reify:save Completed in 64ms
621 timing reify Completed in 10964ms
622 silly ADD node_modules/yaml
623 silly ADD node_modules/wrap-ansi-cjs
624 silly ADD node_modules/wrap-ansi-cjs/node_modules/strip-ansi
625 silly ADD node_modules/wrap-ansi-cjs/node_modules/string-width
626 silly ADD node_modules/wrap-ansi-cjs/node_modules/emoji-regex
627 silly ADD node_modules/wrap-ansi-cjs/node_modules/ansi-styles
628 silly ADD node_modules/wrap-ansi-cjs/node_modules/ansi-regex
629 silly ADD node_modules/wrap-ansi
630 silly ADD node_modules/which
631 silly ADD node_modules/vite-plugin-full-reload
632 silly ADD node_modules/vite
633 silly ADD node_modules/util-deprecate
634 silly ADD node_modules/update-browserslist-db
635 silly ADD node_modules/ts-interface-checker
636 silly ADD node_modules/to-regex-range
637 silly ADD node_modules/thenify-all
638 silly ADD node_modules/thenify
639 silly ADD node_modules/tailwindcss
640 silly ADD node_modules/supports-preserve-symlinks-flag
641 silly ADD node_modules/sucrase
642 silly ADD node_modules/strip-ansi-cjs
643 silly ADD node_modules/strip-ansi-cjs/node_modules/ansi-regex
644 silly ADD node_modules/strip-ansi
645 silly ADD node_modules/string-width-cjs
646 silly ADD node_modules/string-width-cjs/node_modules/strip-ansi
647 silly ADD node_modules/string-width-cjs/node_modules/emoji-regex
648 silly ADD node_modules/string-width-cjs/node_modules/ansi-regex
649 silly ADD node_modules/string-width
650 silly ADD node_modules/source-map-js
651 silly ADD node_modules/signal-exit
652 silly ADD node_modules/shebang-regex
653 silly ADD node_modules/shebang-command
654 silly ADD node_modules/run-parallel
655 silly ADD node_modules/rollup
656 silly ADD node_modules/reusify
657 silly ADD node_modules/resolve
658 silly ADD node_modules/readdirp
659 silly ADD node_modules/read-cache
660 silly ADD node_modules/queue-microtask
661 silly ADD node_modules/proxy-from-env
662 silly ADD node_modules/postcss-value-parser
663 silly ADD node_modules/postcss-selector-parser
664 silly ADD node_modules/postcss-nested
665 silly ADD node_modules/postcss-load-config
666 silly ADD node_modules/postcss-load-config/node_modules/lilconfig
667 silly ADD node_modules/postcss-js
668 silly ADD node_modules/postcss-import
669 silly ADD node_modules/postcss
670 silly ADD node_modules/pirates
671 silly ADD node_modules/pify
672 silly ADD node_modules/picomatch
673 silly ADD node_modules/picocolors
674 silly ADD node_modules/path-scurry
675 silly ADD node_modules/path-parse
676 silly ADD node_modules/path-key
677 silly ADD node_modules/object-hash
678 silly ADD node_modules/object-assign
679 silly ADD node_modules/normalize-range
680 silly ADD node_modules/normalize-path
681 silly ADD node_modules/node-releases
682 silly ADD node_modules/nanoid
683 silly ADD node_modules/mz
684 silly ADD node_modules/minipass
685 silly ADD node_modules/minimatch
686 silly ADD node_modules/mini-svg-data-uri
687 silly ADD node_modules/mime-types
688 silly ADD node_modules/mime-db
689 silly ADD node_modules/micromatch
690 silly ADD node_modules/merge2
691 silly ADD node_modules/lru-cache
692 silly ADD node_modules/lines-and-columns
693 silly ADD node_modules/lilconfig
694 silly ADD node_modules/laravel-vite-plugin
695 silly ADD node_modules/jiti
696 silly ADD node_modules/jackspeak
697 silly ADD node_modules/isexe
698 silly ADD node_modules/is-number
699 silly ADD node_modules/is-glob
700 silly ADD node_modules/is-fullwidth-code-point
701 silly ADD node_modules/is-extglob
702 silly ADD node_modules/is-core-module
703 silly ADD node_modules/is-binary-path
704 silly ADD node_modules/hasown
705 silly ADD node_modules/glob-parent
706 silly ADD node_modules/glob
707 silly ADD node_modules/function-bind
708 silly ADD
709 silly ADD node_modules/fraction.js
710 silly ADD node_modules/form-data
711 silly ADD node_modules/foreground-child
712 silly ADD node_modules/follow-redirects
713 silly ADD node_modules/fill-range
714 silly ADD node_modules/fastq
715 silly ADD node_modules/fast-glob
716 silly ADD node_modules/fast-glob/node_modules/glob-parent
717 silly ADD node_modules/escalade
718 silly ADD node_modules/esbuild
719 silly ADD node_modules/emoji-regex
720 silly ADD node_modules/electron-to-chromium
721 silly ADD node_modules/eastasianwidth
722 silly ADD node_modules/dlv
723 silly ADD node_modules/didyoumean
724 silly ADD node_modules/delayed-stream
725 silly ADD node_modules/cssesc
726 silly ADD node_modules/cross-spawn
727 silly ADD node_modules/commander
728 silly ADD node_modules/combined-stream
729 silly ADD node_modules/color-name
730 silly ADD node_modules/color-convert
731 silly ADD node_modules/chokidar
732 silly ADD node_modules/chokidar/node_modules/glob-parent
733 silly ADD node_modules/caniuse-lite
734 silly ADD node_modules/camelcase-css
735 silly ADD node_modules/browserslist
736 silly ADD node_modules/braces
737 silly ADD node_modules/brace-expansion
738 silly ADD node_modules/binary-extensions
739 silly ADD node_modules/balanced-match
740 silly ADD node_modules/axios
741 silly ADD node_modules/autoprefixer
742 silly ADD node_modules/asynckit
743 silly ADD node_modules/arg
744 silly ADD node_modules/anymatch
745 silly ADD node_modules/any-promise
746 silly ADD node_modules/ansi-styles
747 silly ADD node_modules/ansi-regex
748 silly ADD node_modules/alpinejs
749 silly ADD node_modules/@vue/shared
750 silly ADD node_modules/@vue/reactivity
751 silly ADD node_modules/@types/estree
752 silly ADD node_modules/@tailwindcss/forms
753 silly ADD
754 silly ADD
755 silly ADD
756 silly ADD node_modules/@rollup/rollup-linux-x64-musl
757 silly ADD node_modules/@rollup/rollup-linux-x64-gnu
758 silly ADD
759 silly ADD
760 silly ADD
761 silly ADD
762 silly ADD
763 silly ADD
764 silly ADD
765 silly ADD
766 silly ADD
767 silly ADD
768 silly ADD node_modules/@pkgjs/parseargs
769 silly ADD node_modules/@nodelib/fs.walk
770 silly ADD node_modules/@nodelib/fs.stat
771 silly ADD node_modules/@nodelib/fs.scandir
772 silly ADD node_modules/@jridgewell/trace-mapping
773 silly ADD node_modules/@jridgewell/sourcemap-codec
774 silly ADD node_modules/@jridgewell/set-array
775 silly ADD node_modules/@jridgewell/resolve-uri
776 silly ADD node_modules/@jridgewell/gen-mapping
777 silly ADD node_modules/@isaacs/cliui
778 silly ADD
779 silly ADD
780 silly ADD
781 silly ADD
782 silly ADD
783 silly ADD
784 silly ADD node_modules/@esbuild/linux-x64
785 silly ADD
786 silly ADD
787 silly ADD
788 silly ADD
789 silly ADD
790 silly ADD
791 silly ADD
792 silly ADD
793 silly ADD
794 silly ADD
795 silly ADD
796 silly ADD
797 silly ADD
798 silly ADD
799 silly ADD
800 silly ADD
801 silly ADD node_modules/@alloc/quick-lru
802 timing command:install Completed in 11029ms
803 verbose exit 0
804 timing npm Completed in 11296ms
805 info ok
